ARM GAS  /tmp/ccl8Q9wb.s 			page 1


   1              		.syntax unified
   2              		.cpu cortex-m4
   3              		.eabi_attribute 27, 1
   4              		.fpu fpv4-sp-d16
   5              		.eabi_attribute 20, 1
   6              		.eabi_attribute 21, 1
   7              		.eabi_attribute 23, 3
   8              		.eabi_attribute 24, 1
   9              		.eabi_attribute 25, 1
  10              		.eabi_attribute 26, 1
  11              		.eabi_attribute 30, 1
  12              		.eabi_attribute 34, 1
  13              		.eabi_attribute 18, 4
  14              		.thumb
  15              		.file	"gpio.c"
  16              		.text
  17              	.Ltext0:
  18              		.cfi_sections	.debug_frame
  19              		.section	.text.MX_GPIO_Init,"ax",%progbits
  20              		.align	2
  21              		.global	MX_GPIO_Init
  22              		.thumb
  23              		.thumb_func
  25              	MX_GPIO_Init:
  26              	.LFB130:
  27              		.file 1 "Src/gpio.c"
   1:Src/gpio.c    **** /**
   2:Src/gpio.c    ****   ******************************************************************************
   3:Src/gpio.c    ****   * File Name          : gpio.c
   4:Src/gpio.c    ****   * Description        : This file provides code for the configuration
   5:Src/gpio.c    ****   *                      of all used GPIO pins.
   6:Src/gpio.c    ****   ******************************************************************************
   7:Src/gpio.c    ****   * @attention
   8:Src/gpio.c    ****   *
   9:Src/gpio.c    ****   * <h2><center>&copy; Copyright (c) 2019 STMicroelectronics.
  10:Src/gpio.c    ****   * All rights reserved.</center></h2>
  11:Src/gpio.c    ****   *
  12:Src/gpio.c    ****   * This software component is licensed by ST under BSD 3-Clause license,
  13:Src/gpio.c    ****   * the "License"; You may not use this file except in compliance with the
  14:Src/gpio.c    ****   * License. You may obtain a copy of the License at:
  15:Src/gpio.c    ****   *                        opensource.org/licenses/BSD-3-Clause
  16:Src/gpio.c    ****   *
  17:Src/gpio.c    ****   ******************************************************************************
  18:Src/gpio.c    ****   */
  19:Src/gpio.c    **** 
  20:Src/gpio.c    **** /* Includes ------------------------------------------------------------------*/
  21:Src/gpio.c    **** #include "gpio.h"
  22:Src/gpio.c    **** /* USER CODE BEGIN 0 */
  23:Src/gpio.c    **** 
  24:Src/gpio.c    **** /* USER CODE END 0 */
  25:Src/gpio.c    **** 
  26:Src/gpio.c    **** /*----------------------------------------------------------------------------*/
  27:Src/gpio.c    **** /* Configure GPIO                                                             */
  28:Src/gpio.c    **** /*----------------------------------------------------------------------------*/
  29:Src/gpio.c    **** /* USER CODE BEGIN 1 */
  30:Src/gpio.c    **** 
  31:Src/gpio.c    **** /* USER CODE END 1 */
ARM GAS  /tmp/ccl8Q9wb.s 			page 2


  32:Src/gpio.c    **** 
  33:Src/gpio.c    **** /** Configure pins as 
  34:Src/gpio.c    ****         * Analog 
  35:Src/gpio.c    ****         * Input 
  36:Src/gpio.c    ****         * Output
  37:Src/gpio.c    ****         * EVENT_OUT
  38:Src/gpio.c    ****         * EXTI
  39:Src/gpio.c    **** */
  40:Src/gpio.c    **** void MX_GPIO_Init(void)
  41:Src/gpio.c    **** {
  28              		.loc 1 41 0
  29              		.cfi_startproc
  30              		@ args = 0, pretend = 0, frame = 40
  31              		@ frame_needed = 0, uses_anonymous_args = 0
  32 0000 30B5     		push	{r4, r5, lr}
  33              	.LCFI0:
  34              		.cfi_def_cfa_offset 12
  35              		.cfi_offset 4, -12
  36              		.cfi_offset 5, -8
  37              		.cfi_offset 14, -4
  38 0002 8BB0     		sub	sp, sp, #44
  39              	.LCFI1:
  40              		.cfi_def_cfa_offset 56
  42:Src/gpio.c    **** 
  43:Src/gpio.c    ****   GPIO_InitTypeDef GPIO_InitStruct = {0};
  41              		.loc 1 43 0
  42 0004 0024     		movs	r4, #0
  43 0006 0594     		str	r4, [sp, #20]
  44 0008 0694     		str	r4, [sp, #24]
  45 000a 0794     		str	r4, [sp, #28]
  46 000c 0894     		str	r4, [sp, #32]
  47 000e 0994     		str	r4, [sp, #36]
  48              	.LBB2:
  44:Src/gpio.c    **** 
  45:Src/gpio.c    ****   /* GPIO Ports Clock Enable */
  46:Src/gpio.c    ****   __HAL_RCC_GPIOC_CLK_ENABLE();
  49              		.loc 1 46 0
  50 0010 0194     		str	r4, [sp, #4]
  51 0012 224B     		ldr	r3, .L3
  52 0014 1A6B     		ldr	r2, [r3, #48]
  53 0016 42F00402 		orr	r2, r2, #4
  54 001a 1A63     		str	r2, [r3, #48]
  55 001c 1A6B     		ldr	r2, [r3, #48]
  56 001e 02F00402 		and	r2, r2, #4
  57 0022 0192     		str	r2, [sp, #4]
  58 0024 019A     		ldr	r2, [sp, #4]
  59              	.LBE2:
  60              	.LBB3:
  47:Src/gpio.c    ****   __HAL_RCC_GPIOH_CLK_ENABLE();
  61              		.loc 1 47 0
  62 0026 0294     		str	r4, [sp, #8]
  63 0028 1A6B     		ldr	r2, [r3, #48]
  64 002a 42F08002 		orr	r2, r2, #128
  65 002e 1A63     		str	r2, [r3, #48]
  66 0030 1A6B     		ldr	r2, [r3, #48]
  67 0032 02F08002 		and	r2, r2, #128
  68 0036 0292     		str	r2, [sp, #8]
ARM GAS  /tmp/ccl8Q9wb.s 			page 3


  69 0038 029A     		ldr	r2, [sp, #8]
  70              	.LBE3:
  71              	.LBB4:
  48:Src/gpio.c    ****   __HAL_RCC_GPIOA_CLK_ENABLE();
  72              		.loc 1 48 0
  73 003a 0394     		str	r4, [sp, #12]
  74 003c 1A6B     		ldr	r2, [r3, #48]
  75 003e 42F00102 		orr	r2, r2, #1
  76 0042 1A63     		str	r2, [r3, #48]
  77 0044 1A6B     		ldr	r2, [r3, #48]
  78 0046 02F00102 		and	r2, r2, #1
  79 004a 0392     		str	r2, [sp, #12]
  80 004c 039A     		ldr	r2, [sp, #12]
  81              	.LBE4:
  82              	.LBB5:
  49:Src/gpio.c    ****   __HAL_RCC_GPIOB_CLK_ENABLE();
  83              		.loc 1 49 0
  84 004e 0494     		str	r4, [sp, #16]
  85 0050 1A6B     		ldr	r2, [r3, #48]
  86 0052 42F00202 		orr	r2, r2, #2
  87 0056 1A63     		str	r2, [r3, #48]
  88 0058 1B6B     		ldr	r3, [r3, #48]
  89 005a 03F00203 		and	r3, r3, #2
  90 005e 0493     		str	r3, [sp, #16]
  91 0060 049B     		ldr	r3, [sp, #16]
  92              	.LBE5:
  50:Src/gpio.c    **** 
  51:Src/gpio.c    ****   /*Configure GPIO pin Output Level */
  52:Src/gpio.c    ****   HAL_GPIO_WritePin(Ld2_GPIO_Port, Ld2_Pin, GPIO_PIN_RESET);
  93              		.loc 1 52 0
  94 0062 0F4D     		ldr	r5, .L3+4
  95 0064 2846     		mov	r0, r5
  96 0066 2021     		movs	r1, #32
  97 0068 2246     		mov	r2, r4
  98 006a FFF7FEFF 		bl	HAL_GPIO_WritePin
  99              	.LVL0:
  53:Src/gpio.c    **** 
  54:Src/gpio.c    ****   /*Configure GPIO pin : PtPin */
  55:Src/gpio.c    ****   GPIO_InitStruct.Pin = B1_Pin;
 100              		.loc 1 55 0
 101 006e 4FF40053 		mov	r3, #8192
 102 0072 0593     		str	r3, [sp, #20]
  56:Src/gpio.c    ****   GPIO_InitStruct.Mode = GPIO_MODE_IT_FALLING;
 103              		.loc 1 56 0
 104 0074 0B4B     		ldr	r3, .L3+8
 105 0076 0693     		str	r3, [sp, #24]
  57:Src/gpio.c    ****   GPIO_InitStruct.Pull = GPIO_NOPULL;
 106              		.loc 1 57 0
 107 0078 0794     		str	r4, [sp, #28]
  58:Src/gpio.c    ****   HAL_GPIO_Init(B1_GPIO_Port, &GPIO_InitStruct);
 108              		.loc 1 58 0
 109 007a 0B48     		ldr	r0, .L3+12
 110 007c 05A9     		add	r1, sp, #20
 111 007e FFF7FEFF 		bl	HAL_GPIO_Init
 112              	.LVL1:
  59:Src/gpio.c    **** 
  60:Src/gpio.c    ****   /*Configure GPIO pin : PtPin */
ARM GAS  /tmp/ccl8Q9wb.s 			page 4


  61:Src/gpio.c    ****   GPIO_InitStruct.Pin = Ld2_Pin;
 113              		.loc 1 61 0
 114 0082 2023     		movs	r3, #32
 115 0084 0593     		str	r3, [sp, #20]
  62:Src/gpio.c    ****   GPIO_InitStruct.Mode = GPIO_MODE_OUTPUT_PP;
 116              		.loc 1 62 0
 117 0086 0123     		movs	r3, #1
 118 0088 0693     		str	r3, [sp, #24]
  63:Src/gpio.c    ****   GPIO_InitStruct.Pull = GPIO_NOPULL;
 119              		.loc 1 63 0
 120 008a 0794     		str	r4, [sp, #28]
  64:Src/gpio.c    ****   GPIO_InitStruct.Speed = GPIO_SPEED_FREQ_LOW;
 121              		.loc 1 64 0
 122 008c 0894     		str	r4, [sp, #32]
  65:Src/gpio.c    ****   HAL_GPIO_Init(Ld2_GPIO_Port, &GPIO_InitStruct);
 123              		.loc 1 65 0
 124 008e 2846     		mov	r0, r5
 125 0090 05A9     		add	r1, sp, #20
 126 0092 FFF7FEFF 		bl	HAL_GPIO_Init
 127              	.LVL2:
  66:Src/gpio.c    **** 
  67:Src/gpio.c    **** }
 128              		.loc 1 67 0
 129 0096 0BB0     		add	sp, sp, #44
 130              	.LCFI2:
 131              		.cfi_def_cfa_offset 12
 132              		@ sp needed
 133 0098 30BD     		pop	{r4, r5, pc}
 134              	.L4:
 135 009a 00BF     		.align	2
 136              	.L3:
 137 009c 00380240 		.word	1073887232
 138 00a0 00000240 		.word	1073872896
 139 00a4 00002110 		.word	270598144
 140 00a8 00080240 		.word	1073874944
 141              		.cfi_endproc
 142              	.LFE130:
 144              		.text
 145              	.Letext0:
 146              		.file 2 "/usr/include/newlib/machine/_default_types.h"
 147              		.file 3 "/usr/include/newlib/sys/_stdint.h"
 148              		.file 4 "Drivers/CMSIS/Device/ST/STM32F4xx/Include/stm32f446xx.h"
 149              		.file 5 "Drivers/STM32F4xx_HAL_Driver/Inc/stm32f4xx_hal_gpio.h"
 150              		.file 6 "Drivers/CMSIS/Include/core_cm4.h"
ARM GAS  /tmp/ccl8Q9wb.s 			page 5


DEFINED SYMBOLS
                            *ABS*:0000000000000000 gpio.c
     /tmp/ccl8Q9wb.s:20     .text.MX_GPIO_Init:0000000000000000 $t
     /tmp/ccl8Q9wb.s:25     .text.MX_GPIO_Init:0000000000000000 MX_GPIO_Init
     /tmp/ccl8Q9wb.s:137    .text.MX_GPIO_Init:000000000000009c $d
                     .debug_frame:0000000000000010 $d

UNDEFINED SYMBOLS
HAL_GPIO_WritePin
HAL_GPIO_Init
