ARM GAS  /tmp/cc7QeGc9.s 			page 1


   1              		.syntax unified
   2              		.cpu cortex-m4
   3              		.eabi_attribute 27, 1
   4              		.fpu fpv4-sp-d16
   5              		.eabi_attribute 20, 1
   6              		.eabi_attribute 21, 1
   7              		.eabi_attribute 23, 3
   8              		.eabi_attribute 24, 1
   9              		.eabi_attribute 25, 1
  10              		.eabi_attribute 26, 1
  11              		.eabi_attribute 30, 1
  12              		.eabi_attribute 34, 1
  13              		.eabi_attribute 18, 4
  14              		.thumb
  15              		.file	"stm32f4xx_hal_flash_ramfunc.c"
  16              		.text
  17              	.Ltext0:
  18              		.cfi_sections	.debug_frame
  19              		.section	.RamFunc,"ax",%progbits
  20              		.align	2
  21              		.global	HAL_FLASHEx_StopFlashInterfaceClk
  22              		.thumb
  23              		.thumb_func
  25              	HAL_FLASHEx_StopFlashInterfaceClk:
  26              	.LFB130:
  27              		.file 1 "Drivers/STM32F4xx_HAL_Driver/Src/stm32f4xx_hal_flash_ramfunc.c"
   1:Drivers/STM32F4xx_HAL_Driver/Src/stm32f4xx_hal_flash_ramfunc.c **** /**
   2:Drivers/STM32F4xx_HAL_Driver/Src/stm32f4xx_hal_flash_ramfunc.c ****   ******************************************************************************
   3:Drivers/STM32F4xx_HAL_Driver/Src/stm32f4xx_hal_flash_ramfunc.c ****   * @file    stm32f4xx_hal_flash_ramfunc.c
   4:Drivers/STM32F4xx_HAL_Driver/Src/stm32f4xx_hal_flash_ramfunc.c ****   * @author  MCD Application Team
   5:Drivers/STM32F4xx_HAL_Driver/Src/stm32f4xx_hal_flash_ramfunc.c ****   * @brief   FLASH RAMFUNC module driver.
   6:Drivers/STM32F4xx_HAL_Driver/Src/stm32f4xx_hal_flash_ramfunc.c ****   *          This file provides a FLASH firmware functions which should be 
   7:Drivers/STM32F4xx_HAL_Driver/Src/stm32f4xx_hal_flash_ramfunc.c ****   *          executed from internal SRAM
   8:Drivers/STM32F4xx_HAL_Driver/Src/stm32f4xx_hal_flash_ramfunc.c ****   *            + Stop/Start the flash interface while System Run
   9:Drivers/STM32F4xx_HAL_Driver/Src/stm32f4xx_hal_flash_ramfunc.c ****   *            + Enable/Disable the flash sleep while System Run
  10:Drivers/STM32F4xx_HAL_Driver/Src/stm32f4xx_hal_flash_ramfunc.c ****   @verbatim
  11:Drivers/STM32F4xx_HAL_Driver/Src/stm32f4xx_hal_flash_ramfunc.c ****   ==============================================================================
  12:Drivers/STM32F4xx_HAL_Driver/Src/stm32f4xx_hal_flash_ramfunc.c ****                     ##### APIs executed from Internal RAM #####
  13:Drivers/STM32F4xx_HAL_Driver/Src/stm32f4xx_hal_flash_ramfunc.c ****   ==============================================================================
  14:Drivers/STM32F4xx_HAL_Driver/Src/stm32f4xx_hal_flash_ramfunc.c ****   [..]
  15:Drivers/STM32F4xx_HAL_Driver/Src/stm32f4xx_hal_flash_ramfunc.c ****     *** ARM Compiler ***
  16:Drivers/STM32F4xx_HAL_Driver/Src/stm32f4xx_hal_flash_ramfunc.c ****     --------------------
  17:Drivers/STM32F4xx_HAL_Driver/Src/stm32f4xx_hal_flash_ramfunc.c ****     [..] RAM functions are defined using the toolchain options. 
  18:Drivers/STM32F4xx_HAL_Driver/Src/stm32f4xx_hal_flash_ramfunc.c ****          Functions that are be executed in RAM should reside in a separate
  19:Drivers/STM32F4xx_HAL_Driver/Src/stm32f4xx_hal_flash_ramfunc.c ****          source module. Using the 'Options for File' dialog you can simply change
  20:Drivers/STM32F4xx_HAL_Driver/Src/stm32f4xx_hal_flash_ramfunc.c ****          the 'Code / Const' area of a module to a memory space in physical RAM.
  21:Drivers/STM32F4xx_HAL_Driver/Src/stm32f4xx_hal_flash_ramfunc.c ****          Available memory areas are declared in the 'Target' tab of the 
  22:Drivers/STM32F4xx_HAL_Driver/Src/stm32f4xx_hal_flash_ramfunc.c ****          Options for Target' dialog.
  23:Drivers/STM32F4xx_HAL_Driver/Src/stm32f4xx_hal_flash_ramfunc.c **** 
  24:Drivers/STM32F4xx_HAL_Driver/Src/stm32f4xx_hal_flash_ramfunc.c ****     *** ICCARM Compiler ***
  25:Drivers/STM32F4xx_HAL_Driver/Src/stm32f4xx_hal_flash_ramfunc.c ****     -----------------------
  26:Drivers/STM32F4xx_HAL_Driver/Src/stm32f4xx_hal_flash_ramfunc.c ****     [..] RAM functions are defined using a specific toolchain keyword "__ramfunc".
  27:Drivers/STM32F4xx_HAL_Driver/Src/stm32f4xx_hal_flash_ramfunc.c **** 
  28:Drivers/STM32F4xx_HAL_Driver/Src/stm32f4xx_hal_flash_ramfunc.c ****     *** GNU Compiler ***
  29:Drivers/STM32F4xx_HAL_Driver/Src/stm32f4xx_hal_flash_ramfunc.c ****     --------------------
  30:Drivers/STM32F4xx_HAL_Driver/Src/stm32f4xx_hal_flash_ramfunc.c ****     [..] RAM functions are defined using a specific toolchain attribute
  31:Drivers/STM32F4xx_HAL_Driver/Src/stm32f4xx_hal_flash_ramfunc.c ****          "__attribute__((section(".RamFunc")))".
ARM GAS  /tmp/cc7QeGc9.s 			page 2


  32:Drivers/STM32F4xx_HAL_Driver/Src/stm32f4xx_hal_flash_ramfunc.c ****   
  33:Drivers/STM32F4xx_HAL_Driver/Src/stm32f4xx_hal_flash_ramfunc.c ****   @endverbatim         
  34:Drivers/STM32F4xx_HAL_Driver/Src/stm32f4xx_hal_flash_ramfunc.c ****   ******************************************************************************
  35:Drivers/STM32F4xx_HAL_Driver/Src/stm32f4xx_hal_flash_ramfunc.c ****   * @attention
  36:Drivers/STM32F4xx_HAL_Driver/Src/stm32f4xx_hal_flash_ramfunc.c ****   *
  37:Drivers/STM32F4xx_HAL_Driver/Src/stm32f4xx_hal_flash_ramfunc.c ****   * <h2><center>&copy; Copyright (c) 2017 STMicroelectronics.
  38:Drivers/STM32F4xx_HAL_Driver/Src/stm32f4xx_hal_flash_ramfunc.c ****   * All rights reserved.</center></h2>
  39:Drivers/STM32F4xx_HAL_Driver/Src/stm32f4xx_hal_flash_ramfunc.c ****   *
  40:Drivers/STM32F4xx_HAL_Driver/Src/stm32f4xx_hal_flash_ramfunc.c ****   * This software component is licensed by ST under BSD 3-Clause license,
  41:Drivers/STM32F4xx_HAL_Driver/Src/stm32f4xx_hal_flash_ramfunc.c ****   * the "License"; You may not use this file except in compliance with the
  42:Drivers/STM32F4xx_HAL_Driver/Src/stm32f4xx_hal_flash_ramfunc.c ****   * License. You may obtain a copy of the License at:
  43:Drivers/STM32F4xx_HAL_Driver/Src/stm32f4xx_hal_flash_ramfunc.c ****   *                        opensource.org/licenses/BSD-3-Clause
  44:Drivers/STM32F4xx_HAL_Driver/Src/stm32f4xx_hal_flash_ramfunc.c ****   *
  45:Drivers/STM32F4xx_HAL_Driver/Src/stm32f4xx_hal_flash_ramfunc.c ****   ******************************************************************************
  46:Drivers/STM32F4xx_HAL_Driver/Src/stm32f4xx_hal_flash_ramfunc.c ****   */ 
  47:Drivers/STM32F4xx_HAL_Driver/Src/stm32f4xx_hal_flash_ramfunc.c **** 
  48:Drivers/STM32F4xx_HAL_Driver/Src/stm32f4xx_hal_flash_ramfunc.c **** /* Includes ------------------------------------------------------------------*/
  49:Drivers/STM32F4xx_HAL_Driver/Src/stm32f4xx_hal_flash_ramfunc.c **** #include "stm32f4xx_hal.h"
  50:Drivers/STM32F4xx_HAL_Driver/Src/stm32f4xx_hal_flash_ramfunc.c **** 
  51:Drivers/STM32F4xx_HAL_Driver/Src/stm32f4xx_hal_flash_ramfunc.c **** /** @addtogroup STM32F4xx_HAL_Driver
  52:Drivers/STM32F4xx_HAL_Driver/Src/stm32f4xx_hal_flash_ramfunc.c ****   * @{
  53:Drivers/STM32F4xx_HAL_Driver/Src/stm32f4xx_hal_flash_ramfunc.c ****   */
  54:Drivers/STM32F4xx_HAL_Driver/Src/stm32f4xx_hal_flash_ramfunc.c **** 
  55:Drivers/STM32F4xx_HAL_Driver/Src/stm32f4xx_hal_flash_ramfunc.c **** /** @defgroup FLASH_RAMFUNC FLASH RAMFUNC
  56:Drivers/STM32F4xx_HAL_Driver/Src/stm32f4xx_hal_flash_ramfunc.c ****   * @brief FLASH functions executed from RAM
  57:Drivers/STM32F4xx_HAL_Driver/Src/stm32f4xx_hal_flash_ramfunc.c ****   * @{
  58:Drivers/STM32F4xx_HAL_Driver/Src/stm32f4xx_hal_flash_ramfunc.c ****   */
  59:Drivers/STM32F4xx_HAL_Driver/Src/stm32f4xx_hal_flash_ramfunc.c **** #ifdef HAL_FLASH_MODULE_ENABLED
  60:Drivers/STM32F4xx_HAL_Driver/Src/stm32f4xx_hal_flash_ramfunc.c **** #if defined(STM32F410Tx) || defined(STM32F410Cx) || defined(STM32F410Rx) || defined(STM32F411xE) ||
  61:Drivers/STM32F4xx_HAL_Driver/Src/stm32f4xx_hal_flash_ramfunc.c ****     defined(STM32F412Rx) || defined(STM32F412Cx)
  62:Drivers/STM32F4xx_HAL_Driver/Src/stm32f4xx_hal_flash_ramfunc.c **** 
  63:Drivers/STM32F4xx_HAL_Driver/Src/stm32f4xx_hal_flash_ramfunc.c **** /* Private typedef -----------------------------------------------------------*/
  64:Drivers/STM32F4xx_HAL_Driver/Src/stm32f4xx_hal_flash_ramfunc.c **** /* Private define ------------------------------------------------------------*/
  65:Drivers/STM32F4xx_HAL_Driver/Src/stm32f4xx_hal_flash_ramfunc.c **** /* Private macro -------------------------------------------------------------*/
  66:Drivers/STM32F4xx_HAL_Driver/Src/stm32f4xx_hal_flash_ramfunc.c **** /* Private variables ---------------------------------------------------------*/
  67:Drivers/STM32F4xx_HAL_Driver/Src/stm32f4xx_hal_flash_ramfunc.c **** /* Private function prototypes -----------------------------------------------*/
  68:Drivers/STM32F4xx_HAL_Driver/Src/stm32f4xx_hal_flash_ramfunc.c **** /* Exported functions --------------------------------------------------------*/
  69:Drivers/STM32F4xx_HAL_Driver/Src/stm32f4xx_hal_flash_ramfunc.c **** /** @defgroup FLASH_RAMFUNC_Exported_Functions FLASH RAMFUNC Exported Functions
  70:Drivers/STM32F4xx_HAL_Driver/Src/stm32f4xx_hal_flash_ramfunc.c ****   * @{
  71:Drivers/STM32F4xx_HAL_Driver/Src/stm32f4xx_hal_flash_ramfunc.c ****   */
  72:Drivers/STM32F4xx_HAL_Driver/Src/stm32f4xx_hal_flash_ramfunc.c **** 
  73:Drivers/STM32F4xx_HAL_Driver/Src/stm32f4xx_hal_flash_ramfunc.c **** /** @defgroup FLASH_RAMFUNC_Exported_Functions_Group1 Peripheral features functions executed from i
  74:Drivers/STM32F4xx_HAL_Driver/Src/stm32f4xx_hal_flash_ramfunc.c ****   *  @brief Peripheral Extended features functions 
  75:Drivers/STM32F4xx_HAL_Driver/Src/stm32f4xx_hal_flash_ramfunc.c ****   *
  76:Drivers/STM32F4xx_HAL_Driver/Src/stm32f4xx_hal_flash_ramfunc.c **** @verbatim   
  77:Drivers/STM32F4xx_HAL_Driver/Src/stm32f4xx_hal_flash_ramfunc.c **** 
  78:Drivers/STM32F4xx_HAL_Driver/Src/stm32f4xx_hal_flash_ramfunc.c ****  ===============================================================================
  79:Drivers/STM32F4xx_HAL_Driver/Src/stm32f4xx_hal_flash_ramfunc.c ****                       ##### ramfunc functions #####
  80:Drivers/STM32F4xx_HAL_Driver/Src/stm32f4xx_hal_flash_ramfunc.c ****  ===============================================================================  
  81:Drivers/STM32F4xx_HAL_Driver/Src/stm32f4xx_hal_flash_ramfunc.c ****     [..]
  82:Drivers/STM32F4xx_HAL_Driver/Src/stm32f4xx_hal_flash_ramfunc.c ****     This subsection provides a set of functions that should be executed from RAM 
  83:Drivers/STM32F4xx_HAL_Driver/Src/stm32f4xx_hal_flash_ramfunc.c ****     transfers.
  84:Drivers/STM32F4xx_HAL_Driver/Src/stm32f4xx_hal_flash_ramfunc.c ****     
  85:Drivers/STM32F4xx_HAL_Driver/Src/stm32f4xx_hal_flash_ramfunc.c **** @endverbatim
  86:Drivers/STM32F4xx_HAL_Driver/Src/stm32f4xx_hal_flash_ramfunc.c ****   * @{
  87:Drivers/STM32F4xx_HAL_Driver/Src/stm32f4xx_hal_flash_ramfunc.c ****   */
  88:Drivers/STM32F4xx_HAL_Driver/Src/stm32f4xx_hal_flash_ramfunc.c **** 
ARM GAS  /tmp/cc7QeGc9.s 			page 3


  89:Drivers/STM32F4xx_HAL_Driver/Src/stm32f4xx_hal_flash_ramfunc.c **** /**
  90:Drivers/STM32F4xx_HAL_Driver/Src/stm32f4xx_hal_flash_ramfunc.c ****   * @brief Stop the flash interface while System Run
  91:Drivers/STM32F4xx_HAL_Driver/Src/stm32f4xx_hal_flash_ramfunc.c ****   * @note  This mode is only available for STM32F41xxx/STM32F446xx devices. 
  92:Drivers/STM32F4xx_HAL_Driver/Src/stm32f4xx_hal_flash_ramfunc.c ****   * @note  This mode couldn't be set while executing with the flash itself. 
  93:Drivers/STM32F4xx_HAL_Driver/Src/stm32f4xx_hal_flash_ramfunc.c ****   *        It should be done with specific routine executed from RAM.     
  94:Drivers/STM32F4xx_HAL_Driver/Src/stm32f4xx_hal_flash_ramfunc.c ****   * @retval HAL status
  95:Drivers/STM32F4xx_HAL_Driver/Src/stm32f4xx_hal_flash_ramfunc.c ****   */
  96:Drivers/STM32F4xx_HAL_Driver/Src/stm32f4xx_hal_flash_ramfunc.c **** __RAM_FUNC HAL_StatusTypeDef HAL_FLASHEx_StopFlashInterfaceClk(void)
  97:Drivers/STM32F4xx_HAL_Driver/Src/stm32f4xx_hal_flash_ramfunc.c **** {
  28              		.loc 1 97 0
  29              		.cfi_startproc
  30              		@ args = 0, pretend = 0, frame = 8
  31              		@ frame_needed = 0, uses_anonymous_args = 0
  32              		@ link register save eliminated.
  33 0000 82B0     		sub	sp, sp, #8
  34              	.LCFI0:
  35              		.cfi_def_cfa_offset 8
  36              	.LBB2:
  98:Drivers/STM32F4xx_HAL_Driver/Src/stm32f4xx_hal_flash_ramfunc.c ****   /* Enable Power ctrl clock */
  99:Drivers/STM32F4xx_HAL_Driver/Src/stm32f4xx_hal_flash_ramfunc.c ****   __HAL_RCC_PWR_CLK_ENABLE();
  37              		.loc 1 99 0
  38 0002 0020     		movs	r0, #0
  39 0004 0190     		str	r0, [sp, #4]
  40 0006 084B     		ldr	r3, .L3
  41 0008 1A6C     		ldr	r2, [r3, #64]
  42 000a 42F08052 		orr	r2, r2, #268435456
  43 000e 1A64     		str	r2, [r3, #64]
  44 0010 1B6C     		ldr	r3, [r3, #64]
  45 0012 03F08053 		and	r3, r3, #268435456
  46 0016 0193     		str	r3, [sp, #4]
  47 0018 019B     		ldr	r3, [sp, #4]
  48              	.LBE2:
 100:Drivers/STM32F4xx_HAL_Driver/Src/stm32f4xx_hal_flash_ramfunc.c ****   /* Stop the flash interface while System Run */  
 101:Drivers/STM32F4xx_HAL_Driver/Src/stm32f4xx_hal_flash_ramfunc.c ****   SET_BIT(PWR->CR, PWR_CR_FISSR);
  49              		.loc 1 101 0
  50 001a 044A     		ldr	r2, .L3+4
  51 001c 1368     		ldr	r3, [r2]
  52 001e 43F40013 		orr	r3, r3, #2097152
  53 0022 1360     		str	r3, [r2]
 102:Drivers/STM32F4xx_HAL_Driver/Src/stm32f4xx_hal_flash_ramfunc.c ****    
 103:Drivers/STM32F4xx_HAL_Driver/Src/stm32f4xx_hal_flash_ramfunc.c ****   return HAL_OK;
 104:Drivers/STM32F4xx_HAL_Driver/Src/stm32f4xx_hal_flash_ramfunc.c **** }
  54              		.loc 1 104 0
  55 0024 02B0     		add	sp, sp, #8
  56              	.LCFI1:
  57              		.cfi_def_cfa_offset 0
  58              		@ sp needed
  59 0026 7047     		bx	lr
  60              	.L4:
  61              		.align	2
  62              	.L3:
  63 0028 00380240 		.word	1073887232
  64 002c 00700040 		.word	1073770496
  65              		.cfi_endproc
  66              	.LFE130:
  68              		.align	2
  69              		.global	HAL_FLASHEx_StartFlashInterfaceClk
ARM GAS  /tmp/cc7QeGc9.s 			page 4


  70              		.thumb
  71              		.thumb_func
  73              	HAL_FLASHEx_StartFlashInterfaceClk:
  74              	.LFB131:
 105:Drivers/STM32F4xx_HAL_Driver/Src/stm32f4xx_hal_flash_ramfunc.c **** 
 106:Drivers/STM32F4xx_HAL_Driver/Src/stm32f4xx_hal_flash_ramfunc.c **** /**
 107:Drivers/STM32F4xx_HAL_Driver/Src/stm32f4xx_hal_flash_ramfunc.c ****   * @brief Start the flash interface while System Run
 108:Drivers/STM32F4xx_HAL_Driver/Src/stm32f4xx_hal_flash_ramfunc.c ****   * @note  This mode is only available for STM32F411xx/STM32F446xx devices. 
 109:Drivers/STM32F4xx_HAL_Driver/Src/stm32f4xx_hal_flash_ramfunc.c ****   * @note  This mode couldn't be set while executing with the flash itself. 
 110:Drivers/STM32F4xx_HAL_Driver/Src/stm32f4xx_hal_flash_ramfunc.c ****   *        It should be done with specific routine executed from RAM.     
 111:Drivers/STM32F4xx_HAL_Driver/Src/stm32f4xx_hal_flash_ramfunc.c ****   * @retval HAL status
 112:Drivers/STM32F4xx_HAL_Driver/Src/stm32f4xx_hal_flash_ramfunc.c ****   */
 113:Drivers/STM32F4xx_HAL_Driver/Src/stm32f4xx_hal_flash_ramfunc.c **** __RAM_FUNC HAL_StatusTypeDef HAL_FLASHEx_StartFlashInterfaceClk(void)
 114:Drivers/STM32F4xx_HAL_Driver/Src/stm32f4xx_hal_flash_ramfunc.c **** {
  75              		.loc 1 114 0
  76              		.cfi_startproc
  77              		@ args = 0, pretend = 0, frame = 8
  78              		@ frame_needed = 0, uses_anonymous_args = 0
  79              		@ link register save eliminated.
  80 0030 82B0     		sub	sp, sp, #8
  81              	.LCFI2:
  82              		.cfi_def_cfa_offset 8
  83              	.LBB3:
 115:Drivers/STM32F4xx_HAL_Driver/Src/stm32f4xx_hal_flash_ramfunc.c ****   /* Enable Power ctrl clock */
 116:Drivers/STM32F4xx_HAL_Driver/Src/stm32f4xx_hal_flash_ramfunc.c ****   __HAL_RCC_PWR_CLK_ENABLE();
  84              		.loc 1 116 0
  85 0032 0020     		movs	r0, #0
  86 0034 0190     		str	r0, [sp, #4]
  87 0036 084B     		ldr	r3, .L7
  88 0038 1A6C     		ldr	r2, [r3, #64]
  89 003a 42F08052 		orr	r2, r2, #268435456
  90 003e 1A64     		str	r2, [r3, #64]
  91 0040 1B6C     		ldr	r3, [r3, #64]
  92 0042 03F08053 		and	r3, r3, #268435456
  93 0046 0193     		str	r3, [sp, #4]
  94 0048 019B     		ldr	r3, [sp, #4]
  95              	.LBE3:
 117:Drivers/STM32F4xx_HAL_Driver/Src/stm32f4xx_hal_flash_ramfunc.c ****   /* Start the flash interface while System Run */
 118:Drivers/STM32F4xx_HAL_Driver/Src/stm32f4xx_hal_flash_ramfunc.c ****   CLEAR_BIT(PWR->CR, PWR_CR_FISSR);
  96              		.loc 1 118 0
  97 004a 044A     		ldr	r2, .L7+4
  98 004c 1368     		ldr	r3, [r2]
  99 004e 23F40013 		bic	r3, r3, #2097152
 100 0052 1360     		str	r3, [r2]
 119:Drivers/STM32F4xx_HAL_Driver/Src/stm32f4xx_hal_flash_ramfunc.c **** 
 120:Drivers/STM32F4xx_HAL_Driver/Src/stm32f4xx_hal_flash_ramfunc.c ****   return HAL_OK;
 121:Drivers/STM32F4xx_HAL_Driver/Src/stm32f4xx_hal_flash_ramfunc.c **** }
 101              		.loc 1 121 0
 102 0054 02B0     		add	sp, sp, #8
 103              	.LCFI3:
 104              		.cfi_def_cfa_offset 0
 105              		@ sp needed
 106 0056 7047     		bx	lr
 107              	.L8:
 108              		.align	2
 109              	.L7:
 110 0058 00380240 		.word	1073887232
ARM GAS  /tmp/cc7QeGc9.s 			page 5


 111 005c 00700040 		.word	1073770496
 112              		.cfi_endproc
 113              	.LFE131:
 115              		.align	2
 116              		.global	HAL_FLASHEx_EnableFlashSleepMode
 117              		.thumb
 118              		.thumb_func
 120              	HAL_FLASHEx_EnableFlashSleepMode:
 121              	.LFB132:
 122:Drivers/STM32F4xx_HAL_Driver/Src/stm32f4xx_hal_flash_ramfunc.c **** 
 123:Drivers/STM32F4xx_HAL_Driver/Src/stm32f4xx_hal_flash_ramfunc.c **** /**
 124:Drivers/STM32F4xx_HAL_Driver/Src/stm32f4xx_hal_flash_ramfunc.c ****   * @brief Enable the flash sleep while System Run
 125:Drivers/STM32F4xx_HAL_Driver/Src/stm32f4xx_hal_flash_ramfunc.c ****   * @note  This mode is only available for STM32F41xxx/STM32F446xx devices. 
 126:Drivers/STM32F4xx_HAL_Driver/Src/stm32f4xx_hal_flash_ramfunc.c ****   * @note  This mode could n't be set while executing with the flash itself. 
 127:Drivers/STM32F4xx_HAL_Driver/Src/stm32f4xx_hal_flash_ramfunc.c ****   *        It should be done with specific routine executed from RAM.     
 128:Drivers/STM32F4xx_HAL_Driver/Src/stm32f4xx_hal_flash_ramfunc.c ****   * @retval HAL status
 129:Drivers/STM32F4xx_HAL_Driver/Src/stm32f4xx_hal_flash_ramfunc.c ****   */
 130:Drivers/STM32F4xx_HAL_Driver/Src/stm32f4xx_hal_flash_ramfunc.c **** __RAM_FUNC HAL_StatusTypeDef HAL_FLASHEx_EnableFlashSleepMode(void)
 131:Drivers/STM32F4xx_HAL_Driver/Src/stm32f4xx_hal_flash_ramfunc.c **** {
 122              		.loc 1 131 0
 123              		.cfi_startproc
 124              		@ args = 0, pretend = 0, frame = 8
 125              		@ frame_needed = 0, uses_anonymous_args = 0
 126              		@ link register save eliminated.
 127 0060 82B0     		sub	sp, sp, #8
 128              	.LCFI4:
 129              		.cfi_def_cfa_offset 8
 130              	.LBB4:
 132:Drivers/STM32F4xx_HAL_Driver/Src/stm32f4xx_hal_flash_ramfunc.c ****   /* Enable Power ctrl clock */
 133:Drivers/STM32F4xx_HAL_Driver/Src/stm32f4xx_hal_flash_ramfunc.c ****   __HAL_RCC_PWR_CLK_ENABLE();
 131              		.loc 1 133 0
 132 0062 0020     		movs	r0, #0
 133 0064 0190     		str	r0, [sp, #4]
 134 0066 084B     		ldr	r3, .L11
 135 0068 1A6C     		ldr	r2, [r3, #64]
 136 006a 42F08052 		orr	r2, r2, #268435456
 137 006e 1A64     		str	r2, [r3, #64]
 138 0070 1B6C     		ldr	r3, [r3, #64]
 139 0072 03F08053 		and	r3, r3, #268435456
 140 0076 0193     		str	r3, [sp, #4]
 141 0078 019B     		ldr	r3, [sp, #4]
 142              	.LBE4:
 134:Drivers/STM32F4xx_HAL_Driver/Src/stm32f4xx_hal_flash_ramfunc.c ****   /* Enable the flash sleep while System Run */
 135:Drivers/STM32F4xx_HAL_Driver/Src/stm32f4xx_hal_flash_ramfunc.c ****   SET_BIT(PWR->CR, PWR_CR_FMSSR);
 143              		.loc 1 135 0
 144 007a 044A     		ldr	r2, .L11+4
 145 007c 1368     		ldr	r3, [r2]
 146 007e 43F48013 		orr	r3, r3, #1048576
 147 0082 1360     		str	r3, [r2]
 136:Drivers/STM32F4xx_HAL_Driver/Src/stm32f4xx_hal_flash_ramfunc.c **** 
 137:Drivers/STM32F4xx_HAL_Driver/Src/stm32f4xx_hal_flash_ramfunc.c ****   return HAL_OK;
 138:Drivers/STM32F4xx_HAL_Driver/Src/stm32f4xx_hal_flash_ramfunc.c **** }
 148              		.loc 1 138 0
 149 0084 02B0     		add	sp, sp, #8
 150              	.LCFI5:
 151              		.cfi_def_cfa_offset 0
 152              		@ sp needed
ARM GAS  /tmp/cc7QeGc9.s 			page 6


 153 0086 7047     		bx	lr
 154              	.L12:
 155              		.align	2
 156              	.L11:
 157 0088 00380240 		.word	1073887232
 158 008c 00700040 		.word	1073770496
 159              		.cfi_endproc
 160              	.LFE132:
 162              		.align	2
 163              		.global	HAL_FLASHEx_DisableFlashSleepMode
 164              		.thumb
 165              		.thumb_func
 167              	HAL_FLASHEx_DisableFlashSleepMode:
 168              	.LFB133:
 139:Drivers/STM32F4xx_HAL_Driver/Src/stm32f4xx_hal_flash_ramfunc.c **** 
 140:Drivers/STM32F4xx_HAL_Driver/Src/stm32f4xx_hal_flash_ramfunc.c **** /**
 141:Drivers/STM32F4xx_HAL_Driver/Src/stm32f4xx_hal_flash_ramfunc.c ****   * @brief Disable the flash sleep while System Run
 142:Drivers/STM32F4xx_HAL_Driver/Src/stm32f4xx_hal_flash_ramfunc.c ****   * @note  This mode is only available for STM32F41xxx/STM32F446xx devices. 
 143:Drivers/STM32F4xx_HAL_Driver/Src/stm32f4xx_hal_flash_ramfunc.c ****   * @note  This mode couldn't be set while executing with the flash itself. 
 144:Drivers/STM32F4xx_HAL_Driver/Src/stm32f4xx_hal_flash_ramfunc.c ****   *        It should be done with specific routine executed from RAM.     
 145:Drivers/STM32F4xx_HAL_Driver/Src/stm32f4xx_hal_flash_ramfunc.c ****   * @retval HAL status
 146:Drivers/STM32F4xx_HAL_Driver/Src/stm32f4xx_hal_flash_ramfunc.c ****   */
 147:Drivers/STM32F4xx_HAL_Driver/Src/stm32f4xx_hal_flash_ramfunc.c **** __RAM_FUNC HAL_StatusTypeDef HAL_FLASHEx_DisableFlashSleepMode(void)
 148:Drivers/STM32F4xx_HAL_Driver/Src/stm32f4xx_hal_flash_ramfunc.c **** {
 169              		.loc 1 148 0
 170              		.cfi_startproc
 171              		@ args = 0, pretend = 0, frame = 8
 172              		@ frame_needed = 0, uses_anonymous_args = 0
 173              		@ link register save eliminated.
 174 0090 82B0     		sub	sp, sp, #8
 175              	.LCFI6:
 176              		.cfi_def_cfa_offset 8
 177              	.LBB5:
 149:Drivers/STM32F4xx_HAL_Driver/Src/stm32f4xx_hal_flash_ramfunc.c ****   /* Enable Power ctrl clock */
 150:Drivers/STM32F4xx_HAL_Driver/Src/stm32f4xx_hal_flash_ramfunc.c ****   __HAL_RCC_PWR_CLK_ENABLE();
 178              		.loc 1 150 0
 179 0092 0020     		movs	r0, #0
 180 0094 0190     		str	r0, [sp, #4]
 181 0096 084B     		ldr	r3, .L15
 182 0098 1A6C     		ldr	r2, [r3, #64]
 183 009a 42F08052 		orr	r2, r2, #268435456
 184 009e 1A64     		str	r2, [r3, #64]
 185 00a0 1B6C     		ldr	r3, [r3, #64]
 186 00a2 03F08053 		and	r3, r3, #268435456
 187 00a6 0193     		str	r3, [sp, #4]
 188 00a8 019B     		ldr	r3, [sp, #4]
 189              	.LBE5:
 151:Drivers/STM32F4xx_HAL_Driver/Src/stm32f4xx_hal_flash_ramfunc.c ****   /* Disable the flash sleep while System Run */
 152:Drivers/STM32F4xx_HAL_Driver/Src/stm32f4xx_hal_flash_ramfunc.c ****   CLEAR_BIT(PWR->CR, PWR_CR_FMSSR);
 190              		.loc 1 152 0
 191 00aa 044A     		ldr	r2, .L15+4
 192 00ac 1368     		ldr	r3, [r2]
 193 00ae 23F48013 		bic	r3, r3, #1048576
 194 00b2 1360     		str	r3, [r2]
 153:Drivers/STM32F4xx_HAL_Driver/Src/stm32f4xx_hal_flash_ramfunc.c ****   
 154:Drivers/STM32F4xx_HAL_Driver/Src/stm32f4xx_hal_flash_ramfunc.c ****   return HAL_OK;
 155:Drivers/STM32F4xx_HAL_Driver/Src/stm32f4xx_hal_flash_ramfunc.c **** }
ARM GAS  /tmp/cc7QeGc9.s 			page 7


 195              		.loc 1 155 0
 196 00b4 02B0     		add	sp, sp, #8
 197              	.LCFI7:
 198              		.cfi_def_cfa_offset 0
 199              		@ sp needed
 200 00b6 7047     		bx	lr
 201              	.L16:
 202              		.align	2
 203              	.L15:
 204 00b8 00380240 		.word	1073887232
 205 00bc 00700040 		.word	1073770496
 206              		.cfi_endproc
 207              	.LFE133:
 209              		.text
 210              	.Letext0:
 211              		.file 2 "/usr/include/newlib/machine/_default_types.h"
 212              		.file 3 "/usr/include/newlib/sys/_stdint.h"
 213              		.file 4 "Drivers/CMSIS/Device/ST/STM32F4xx/Include/stm32f446xx.h"
 214              		.file 5 "Drivers/STM32F4xx_HAL_Driver/Inc/stm32f4xx_hal_def.h"
 215              		.file 6 "Drivers/CMSIS/Include/core_cm4.h"
ARM GAS  /tmp/cc7QeGc9.s 			page 8


DEFINED SYMBOLS
                            *ABS*:0000000000000000 stm32f4xx_hal_flash_ramfunc.c
     /tmp/cc7QeGc9.s:20     .RamFunc:0000000000000000 $t
     /tmp/cc7QeGc9.s:25     .RamFunc:0000000000000000 HAL_FLASHEx_StopFlashInterfaceClk
     /tmp/cc7QeGc9.s:63     .RamFunc:0000000000000028 $d
     /tmp/cc7QeGc9.s:68     .RamFunc:0000000000000030 $t
     /tmp/cc7QeGc9.s:73     .RamFunc:0000000000000030 HAL_FLASHEx_StartFlashInterfaceClk
     /tmp/cc7QeGc9.s:110    .RamFunc:0000000000000058 $d
     /tmp/cc7QeGc9.s:115    .RamFunc:0000000000000060 $t
     /tmp/cc7QeGc9.s:120    .RamFunc:0000000000000060 HAL_FLASHEx_EnableFlashSleepMode
     /tmp/cc7QeGc9.s:157    .RamFunc:0000000000000088 $d
     /tmp/cc7QeGc9.s:162    .RamFunc:0000000000000090 $t
     /tmp/cc7QeGc9.s:167    .RamFunc:0000000000000090 HAL_FLASHEx_DisableFlashSleepMode
     /tmp/cc7QeGc9.s:204    .RamFunc:00000000000000b8 $d
                     .debug_frame:0000000000000010 $d
                           .group:0000000000000000 wm4.0.20963d46ba5d8e371b8630ece00f11ec
                           .group:0000000000000000 wm4.stm32f4xx_hal_conf.h.24.d14dd899dbfa16d6dc9a7b8d5f0b81d2
                           .group:0000000000000000 wm4.stm32f4xx.h.55.8c995fbadbb7a126747b547eb8ec7b5b
                           .group:0000000000000000 wm4.stm32f446xx.h.51.16a9122ede9860ebbb552c9e423d1ecd
                           .group:0000000000000000 wm4.features.h.22.2e382148a0560adabf236cddd4e880f4
                           .group:0000000000000000 wm4._default_types.h.15.933e8edd27a65e0b69af4a865eb623d2
                           .group:0000000000000000 wm4._intsup.h.10.35a45952db64d30146faa63a55c20c1c
                           .group:0000000000000000 wm4._stdint.h.10.f76354baea1c7088202064e6f3d4f5e3
                           .group:0000000000000000 wm4.stdint.h.23.373a9d32a9e4c2e88fd347156532d281
                           .group:0000000000000000 wm4.cmsis_version.h.32.4d5822004c01a829a975260e854b5f8e
                           .group:0000000000000000 wm4.core_cm4.h.66.e4ff136c4a17abc46741866f64f8e729
                           .group:0000000000000000 wm4.cmsis_gcc.h.26.f42444deefab66ffa141b9b9fddb57a3
                           .group:0000000000000000 wm4.core_cm4.h.174.059a5e001a9e729091d1407208e93224
                           .group:0000000000000000 wm4.mpu_armv7.h.32.27b4593cb2f8d3152ca5d97a9d72b321
                           .group:0000000000000000 wm4.stm32f446xx.h.934.bc7ea77f64b5be5f795628ebc7fc6b73
                           .group:0000000000000000 wm4.stm32f4xx.h.212.729f0f890654645a3f47ccc0cc2b00e7
                           .group:0000000000000000 wm4.stm32_hal_legacy.h.23.ef4988de22c7a2f0806a94b08b5606e0
                           .group:0000000000000000 wm4.stddef.h.39.c744ceb84abf2f8351653f0e2622da1c
                           .group:0000000000000000 wm4.stm32f4xx_hal_def.h.58.2d2c85d5b9693a63e90566b806e8a752
                           .group:0000000000000000 wm4.stm32f4xx_hal_rcc_ex.h.22.ed8712e28628f6d35bd6f8847ee2f18f
                           .group:0000000000000000 wm4.stm32f4xx_hal_rcc.h.108.0c18a3cfc2dd91bdf92470b4bd0ea1b5
                           .group:0000000000000000 wm4.stm32f4xx_hal_exti.h.22.66e33df8a935c9f8e1682d5515a6c09a
                           .group:0000000000000000 wm4.stm32f4xx_hal_gpio.h.22.be2c6bcf9722096ea8f49a41bf6aa50c
                           .group:0000000000000000 wm4.stm32f4xx_hal_gpio_ex.h.22.6858f59ca8a52c645189c74569e4d5b8
                           .group:0000000000000000 wm4.stm32f4xx_hal_gpio.h.264.528537eb92c2ec5c1cd9dfb4d255d1da
                           .group:0000000000000000 wm4.stm32f4xx_hal_dma.h.22.fffce20ac9119c50557659c75e75ab1c
                           .group:0000000000000000 wm4.stm32f4xx_hal_dma.h.721.a1e57ffbc615f926e6509c5acc65e492
                           .group:0000000000000000 wm4.stm32f4xx_hal_cortex.h.22.e6aa3b847b5388be63c32d1f9e696ef7
                           .group:0000000000000000 wm4.stm32f4xx_hal_flash.h.22.31b301be2655c3eb8583e51c8231544a
                           .group:0000000000000000 wm4.stm32f4xx_hal_flash_ex.h.22.df74a74dd40656a7fcd7d90cedd190b4
                           .group:0000000000000000 wm4.stm32f4xx_hal_flash.h.363.51efdf0f6c88f683efb89d7cc95cc1be
                           .group:0000000000000000 wm4.stm32f4xx_hal_pwr.h.22.2c27d93ae187efe3a73816f03a329970
                           .group:0000000000000000 wm4.stm32f4xx_hal_pwr_ex.h.22.cf49f655fb514fa1eda6a251fa1b2f1a
                           .group:0000000000000000 wm4.stm32f4xx_hal_pwr.h.337.60b43975c84527a23cb6994b23165a5e
                           .group:0000000000000000 wm4.stm32f4xx_hal_uart.h.22.2b47c8130d845b927904837c0b2264ce
                           .group:0000000000000000 wm4.stm32f4xx_hal.h.72.a5a58188aa461a0614f1e58e159c7840

NO UNDEFINED SYMBOLS
