ARM GAS  /tmp/ccZy5ayc.s 			page 1


   1              		.syntax unified
   2              		.cpu cortex-m4
   3              		.eabi_attribute 27, 1
   4              		.fpu fpv4-sp-d16
   5              		.eabi_attribute 20, 1
   6              		.eabi_attribute 21, 1
   7              		.eabi_attribute 23, 3
   8              		.eabi_attribute 24, 1
   9              		.eabi_attribute 25, 1
  10              		.eabi_attribute 26, 1
  11              		.eabi_attribute 30, 1
  12              		.eabi_attribute 34, 1
  13              		.eabi_attribute 18, 4
  14              		.thumb
  15              		.file	"stm32f4xx_it.c"
  16              		.text
  17              	.Ltext0:
  18              		.cfi_sections	.debug_frame
  19              		.section	.text.NMI_Handler,"ax",%progbits
  20              		.align	2
  21              		.global	NMI_Handler
  22              		.thumb
  23              		.thumb_func
  25              	NMI_Handler:
  26              	.LFB130:
  27              		.file 1 "Src/stm32f4xx_it.c"
   1:Src/stm32f4xx_it.c **** /* USER CODE BEGIN Header */
   2:Src/stm32f4xx_it.c **** /**
   3:Src/stm32f4xx_it.c ****   ******************************************************************************
   4:Src/stm32f4xx_it.c ****   * @file    stm32f4xx_it.c
   5:Src/stm32f4xx_it.c ****   * @brief   Interrupt Service Routines.
   6:Src/stm32f4xx_it.c ****   ******************************************************************************
   7:Src/stm32f4xx_it.c ****   * @attention
   8:Src/stm32f4xx_it.c ****   *
   9:Src/stm32f4xx_it.c ****   * <h2><center>&copy; Copyright (c) 2019 STMicroelectronics.
  10:Src/stm32f4xx_it.c ****   * All rights reserved.</center></h2>
  11:Src/stm32f4xx_it.c ****   *
  12:Src/stm32f4xx_it.c ****   * This software component is licensed by ST under BSD 3-Clause license,
  13:Src/stm32f4xx_it.c ****   * the "License"; You may not use this file except in compliance with the
  14:Src/stm32f4xx_it.c ****   * License. You may obtain a copy of the License at:
  15:Src/stm32f4xx_it.c ****   *                        opensource.org/licenses/BSD-3-Clause
  16:Src/stm32f4xx_it.c ****   *
  17:Src/stm32f4xx_it.c ****   ******************************************************************************
  18:Src/stm32f4xx_it.c ****   */
  19:Src/stm32f4xx_it.c **** /* USER CODE END Header */
  20:Src/stm32f4xx_it.c **** 
  21:Src/stm32f4xx_it.c **** /* Includes ------------------------------------------------------------------*/
  22:Src/stm32f4xx_it.c **** #include "main.h"
  23:Src/stm32f4xx_it.c **** #include "stm32f4xx_it.h"
  24:Src/stm32f4xx_it.c **** /* Private includes ----------------------------------------------------------*/
  25:Src/stm32f4xx_it.c **** /* USER CODE BEGIN Includes */
  26:Src/stm32f4xx_it.c **** /* USER CODE END Includes */
  27:Src/stm32f4xx_it.c **** 
  28:Src/stm32f4xx_it.c **** /* Private typedef -----------------------------------------------------------*/
  29:Src/stm32f4xx_it.c **** /* USER CODE BEGIN TD */
  30:Src/stm32f4xx_it.c **** 
  31:Src/stm32f4xx_it.c **** /* USER CODE END TD */
ARM GAS  /tmp/ccZy5ayc.s 			page 2


  32:Src/stm32f4xx_it.c **** 
  33:Src/stm32f4xx_it.c **** /* Private define ------------------------------------------------------------*/
  34:Src/stm32f4xx_it.c **** /* USER CODE BEGIN PD */
  35:Src/stm32f4xx_it.c ****  
  36:Src/stm32f4xx_it.c **** /* USER CODE END PD */
  37:Src/stm32f4xx_it.c **** 
  38:Src/stm32f4xx_it.c **** /* Private macro -------------------------------------------------------------*/
  39:Src/stm32f4xx_it.c **** /* USER CODE BEGIN PM */
  40:Src/stm32f4xx_it.c **** 
  41:Src/stm32f4xx_it.c **** /* USER CODE END PM */
  42:Src/stm32f4xx_it.c **** 
  43:Src/stm32f4xx_it.c **** /* Private variables ---------------------------------------------------------*/
  44:Src/stm32f4xx_it.c **** /* USER CODE BEGIN PV */
  45:Src/stm32f4xx_it.c **** 
  46:Src/stm32f4xx_it.c **** /* USER CODE END PV */
  47:Src/stm32f4xx_it.c **** 
  48:Src/stm32f4xx_it.c **** /* Private function prototypes -----------------------------------------------*/
  49:Src/stm32f4xx_it.c **** /* USER CODE BEGIN PFP */
  50:Src/stm32f4xx_it.c **** 
  51:Src/stm32f4xx_it.c **** /* USER CODE END PFP */
  52:Src/stm32f4xx_it.c **** 
  53:Src/stm32f4xx_it.c **** /* Private user code ---------------------------------------------------------*/
  54:Src/stm32f4xx_it.c **** /* USER CODE BEGIN 0 */
  55:Src/stm32f4xx_it.c **** 
  56:Src/stm32f4xx_it.c **** /* USER CODE END 0 */
  57:Src/stm32f4xx_it.c **** 
  58:Src/stm32f4xx_it.c **** /* External variables --------------------------------------------------------*/
  59:Src/stm32f4xx_it.c **** 
  60:Src/stm32f4xx_it.c **** /* USER CODE BEGIN EV */
  61:Src/stm32f4xx_it.c **** 
  62:Src/stm32f4xx_it.c **** /* USER CODE END EV */
  63:Src/stm32f4xx_it.c **** 
  64:Src/stm32f4xx_it.c **** /******************************************************************************/
  65:Src/stm32f4xx_it.c **** /*           Cortex-M4 Processor Interruption and Exception Handlers          */ 
  66:Src/stm32f4xx_it.c **** /******************************************************************************/
  67:Src/stm32f4xx_it.c **** /**
  68:Src/stm32f4xx_it.c ****   * @brief This function handles Non maskable interrupt.
  69:Src/stm32f4xx_it.c ****   */
  70:Src/stm32f4xx_it.c **** void NMI_Handler(void)
  71:Src/stm32f4xx_it.c **** {
  28              		.loc 1 71 0
  29              		.cfi_startproc
  30              		@ args = 0, pretend = 0, frame = 0
  31              		@ frame_needed = 0, uses_anonymous_args = 0
  32              		@ link register save eliminated.
  33 0000 7047     		bx	lr
  34              		.cfi_endproc
  35              	.LFE130:
  37 0002 00BF     		.section	.text.HardFault_Handler,"ax",%progbits
  38              		.align	2
  39              		.global	HardFault_Handler
  40              		.thumb
  41              		.thumb_func
  43              	HardFault_Handler:
  44              	.LFB131:
  72:Src/stm32f4xx_it.c ****   /* USER CODE BEGIN NonMaskableInt_IRQn 0 */
  73:Src/stm32f4xx_it.c **** 
ARM GAS  /tmp/ccZy5ayc.s 			page 3


  74:Src/stm32f4xx_it.c ****   /* USER CODE END NonMaskableInt_IRQn 0 */
  75:Src/stm32f4xx_it.c ****   /* USER CODE BEGIN NonMaskableInt_IRQn 1 */
  76:Src/stm32f4xx_it.c **** 
  77:Src/stm32f4xx_it.c ****   /* USER CODE END NonMaskableInt_IRQn 1 */
  78:Src/stm32f4xx_it.c **** }
  79:Src/stm32f4xx_it.c **** 
  80:Src/stm32f4xx_it.c **** /**
  81:Src/stm32f4xx_it.c ****   * @brief This function handles Hard fault interrupt.
  82:Src/stm32f4xx_it.c ****   */
  83:Src/stm32f4xx_it.c **** void HardFault_Handler(void)
  84:Src/stm32f4xx_it.c **** {
  45              		.loc 1 84 0
  46              		.cfi_startproc
  47              		@ Volatile: function does not return.
  48              		@ args = 0, pretend = 0, frame = 0
  49              		@ frame_needed = 0, uses_anonymous_args = 0
  50              		@ link register save eliminated.
  51              	.L3:
  85:Src/stm32f4xx_it.c ****   /* USER CODE BEGIN HardFault_IRQn 0 */
  86:Src/stm32f4xx_it.c **** 
  87:Src/stm32f4xx_it.c ****   /* USER CODE END HardFault_IRQn 0 */
  88:Src/stm32f4xx_it.c ****   while (1)
  89:Src/stm32f4xx_it.c ****   {
  90:Src/stm32f4xx_it.c ****     /* USER CODE BEGIN W1_HardFault_IRQn 0 */
  91:Src/stm32f4xx_it.c ****     /* USER CODE END W1_HardFault_IRQn 0 */
  92:Src/stm32f4xx_it.c ****   }
  52              		.loc 1 92 0 discriminator 1
  53 0000 FEE7     		b	.L3
  54              		.cfi_endproc
  55              	.LFE131:
  57 0002 00BF     		.section	.text.MemManage_Handler,"ax",%progbits
  58              		.align	2
  59              		.global	MemManage_Handler
  60              		.thumb
  61              		.thumb_func
  63              	MemManage_Handler:
  64              	.LFB132:
  93:Src/stm32f4xx_it.c **** }
  94:Src/stm32f4xx_it.c **** 
  95:Src/stm32f4xx_it.c **** /**
  96:Src/stm32f4xx_it.c ****   * @brief This function handles Memory management fault.
  97:Src/stm32f4xx_it.c ****   */
  98:Src/stm32f4xx_it.c **** void MemManage_Handler(void)
  99:Src/stm32f4xx_it.c **** {
  65              		.loc 1 99 0
  66              		.cfi_startproc
  67              		@ Volatile: function does not return.
  68              		@ args = 0, pretend = 0, frame = 0
  69              		@ frame_needed = 0, uses_anonymous_args = 0
  70              		@ link register save eliminated.
  71              	.L5:
 100:Src/stm32f4xx_it.c ****   /* USER CODE BEGIN MemoryManagement_IRQn 0 */
 101:Src/stm32f4xx_it.c **** 
 102:Src/stm32f4xx_it.c ****   /* USER CODE END MemoryManagement_IRQn 0 */
 103:Src/stm32f4xx_it.c ****   while (1)
 104:Src/stm32f4xx_it.c ****   {
 105:Src/stm32f4xx_it.c ****     /* USER CODE BEGIN W1_MemoryManagement_IRQn 0 */
ARM GAS  /tmp/ccZy5ayc.s 			page 4


 106:Src/stm32f4xx_it.c ****     /* USER CODE END W1_MemoryManagement_IRQn 0 */
 107:Src/stm32f4xx_it.c ****   }
  72              		.loc 1 107 0 discriminator 1
  73 0000 FEE7     		b	.L5
  74              		.cfi_endproc
  75              	.LFE132:
  77 0002 00BF     		.section	.text.BusFault_Handler,"ax",%progbits
  78              		.align	2
  79              		.global	BusFault_Handler
  80              		.thumb
  81              		.thumb_func
  83              	BusFault_Handler:
  84              	.LFB133:
 108:Src/stm32f4xx_it.c **** }
 109:Src/stm32f4xx_it.c **** 
 110:Src/stm32f4xx_it.c **** /**
 111:Src/stm32f4xx_it.c ****   * @brief This function handles Pre-fetch fault, memory access fault.
 112:Src/stm32f4xx_it.c ****   */
 113:Src/stm32f4xx_it.c **** void BusFault_Handler(void)
 114:Src/stm32f4xx_it.c **** {
  85              		.loc 1 114 0
  86              		.cfi_startproc
  87              		@ Volatile: function does not return.
  88              		@ args = 0, pretend = 0, frame = 0
  89              		@ frame_needed = 0, uses_anonymous_args = 0
  90              		@ link register save eliminated.
  91              	.L7:
 115:Src/stm32f4xx_it.c ****   /* USER CODE BEGIN BusFault_IRQn 0 */
 116:Src/stm32f4xx_it.c **** 
 117:Src/stm32f4xx_it.c ****   /* USER CODE END BusFault_IRQn 0 */
 118:Src/stm32f4xx_it.c ****   while (1)
 119:Src/stm32f4xx_it.c ****   {
 120:Src/stm32f4xx_it.c ****     /* USER CODE BEGIN W1_BusFault_IRQn 0 */
 121:Src/stm32f4xx_it.c ****     /* USER CODE END W1_BusFault_IRQn 0 */
 122:Src/stm32f4xx_it.c ****   }
  92              		.loc 1 122 0 discriminator 1
  93 0000 FEE7     		b	.L7
  94              		.cfi_endproc
  95              	.LFE133:
  97 0002 00BF     		.section	.text.UsageFault_Handler,"ax",%progbits
  98              		.align	2
  99              		.global	UsageFault_Handler
 100              		.thumb
 101              		.thumb_func
 103              	UsageFault_Handler:
 104              	.LFB134:
 123:Src/stm32f4xx_it.c **** }
 124:Src/stm32f4xx_it.c **** 
 125:Src/stm32f4xx_it.c **** /**
 126:Src/stm32f4xx_it.c ****   * @brief This function handles Undefined instruction or illegal state.
 127:Src/stm32f4xx_it.c ****   */
 128:Src/stm32f4xx_it.c **** void UsageFault_Handler(void)
 129:Src/stm32f4xx_it.c **** {
 105              		.loc 1 129 0
 106              		.cfi_startproc
 107              		@ Volatile: function does not return.
 108              		@ args = 0, pretend = 0, frame = 0
ARM GAS  /tmp/ccZy5ayc.s 			page 5


 109              		@ frame_needed = 0, uses_anonymous_args = 0
 110              		@ link register save eliminated.
 111              	.L9:
 130:Src/stm32f4xx_it.c ****   /* USER CODE BEGIN UsageFault_IRQn 0 */
 131:Src/stm32f4xx_it.c **** 
 132:Src/stm32f4xx_it.c ****   /* USER CODE END UsageFault_IRQn 0 */
 133:Src/stm32f4xx_it.c ****   while (1)
 134:Src/stm32f4xx_it.c ****   {
 135:Src/stm32f4xx_it.c ****     /* USER CODE BEGIN W1_UsageFault_IRQn 0 */
 136:Src/stm32f4xx_it.c ****     /* USER CODE END W1_UsageFault_IRQn 0 */
 137:Src/stm32f4xx_it.c ****   }
 112              		.loc 1 137 0 discriminator 1
 113 0000 FEE7     		b	.L9
 114              		.cfi_endproc
 115              	.LFE134:
 117 0002 00BF     		.section	.text.SVC_Handler,"ax",%progbits
 118              		.align	2
 119              		.global	SVC_Handler
 120              		.thumb
 121              		.thumb_func
 123              	SVC_Handler:
 124              	.LFB135:
 138:Src/stm32f4xx_it.c **** }
 139:Src/stm32f4xx_it.c **** 
 140:Src/stm32f4xx_it.c **** /**
 141:Src/stm32f4xx_it.c ****   * @brief This function handles System service call via SWI instruction.
 142:Src/stm32f4xx_it.c ****   */
 143:Src/stm32f4xx_it.c **** void SVC_Handler(void)
 144:Src/stm32f4xx_it.c **** {
 125              		.loc 1 144 0
 126              		.cfi_startproc
 127              		@ args = 0, pretend = 0, frame = 0
 128              		@ frame_needed = 0, uses_anonymous_args = 0
 129              		@ link register save eliminated.
 130 0000 7047     		bx	lr
 131              		.cfi_endproc
 132              	.LFE135:
 134 0002 00BF     		.section	.text.DebugMon_Handler,"ax",%progbits
 135              		.align	2
 136              		.global	DebugMon_Handler
 137              		.thumb
 138              		.thumb_func
 140              	DebugMon_Handler:
 141              	.LFB136:
 145:Src/stm32f4xx_it.c ****   /* USER CODE BEGIN SVCall_IRQn 0 */
 146:Src/stm32f4xx_it.c **** 
 147:Src/stm32f4xx_it.c ****   /* USER CODE END SVCall_IRQn 0 */
 148:Src/stm32f4xx_it.c ****   /* USER CODE BEGIN SVCall_IRQn 1 */
 149:Src/stm32f4xx_it.c **** 
 150:Src/stm32f4xx_it.c ****   /* USER CODE END SVCall_IRQn 1 */
 151:Src/stm32f4xx_it.c **** }
 152:Src/stm32f4xx_it.c **** 
 153:Src/stm32f4xx_it.c **** /**
 154:Src/stm32f4xx_it.c ****   * @brief This function handles Debug monitor.
 155:Src/stm32f4xx_it.c ****   */
 156:Src/stm32f4xx_it.c **** void DebugMon_Handler(void)
 157:Src/stm32f4xx_it.c **** {
ARM GAS  /tmp/ccZy5ayc.s 			page 6


 142              		.loc 1 157 0
 143              		.cfi_startproc
 144              		@ args = 0, pretend = 0, frame = 0
 145              		@ frame_needed = 0, uses_anonymous_args = 0
 146              		@ link register save eliminated.
 147 0000 7047     		bx	lr
 148              		.cfi_endproc
 149              	.LFE136:
 151 0002 00BF     		.section	.text.PendSV_Handler,"ax",%progbits
 152              		.align	2
 153              		.global	PendSV_Handler
 154              		.thumb
 155              		.thumb_func
 157              	PendSV_Handler:
 158              	.LFB137:
 158:Src/stm32f4xx_it.c ****   /* USER CODE BEGIN DebugMonitor_IRQn 0 */
 159:Src/stm32f4xx_it.c **** 
 160:Src/stm32f4xx_it.c ****   /* USER CODE END DebugMonitor_IRQn 0 */
 161:Src/stm32f4xx_it.c ****   /* USER CODE BEGIN DebugMonitor_IRQn 1 */
 162:Src/stm32f4xx_it.c **** 
 163:Src/stm32f4xx_it.c ****   /* USER CODE END DebugMonitor_IRQn 1 */
 164:Src/stm32f4xx_it.c **** }
 165:Src/stm32f4xx_it.c **** 
 166:Src/stm32f4xx_it.c **** /**
 167:Src/stm32f4xx_it.c ****   * @brief This function handles Pendable request for system service.
 168:Src/stm32f4xx_it.c ****   */
 169:Src/stm32f4xx_it.c **** void PendSV_Handler(void)
 170:Src/stm32f4xx_it.c **** {
 159              		.loc 1 170 0
 160              		.cfi_startproc
 161              		@ args = 0, pretend = 0, frame = 0
 162              		@ frame_needed = 0, uses_anonymous_args = 0
 163              		@ link register save eliminated.
 164 0000 7047     		bx	lr
 165              		.cfi_endproc
 166              	.LFE137:
 168 0002 00BF     		.section	.text.SysTick_Handler,"ax",%progbits
 169              		.align	2
 170              		.global	SysTick_Handler
 171              		.thumb
 172              		.thumb_func
 174              	SysTick_Handler:
 175              	.LFB138:
 171:Src/stm32f4xx_it.c ****   /* USER CODE BEGIN PendSV_IRQn 0 */
 172:Src/stm32f4xx_it.c **** 
 173:Src/stm32f4xx_it.c ****   /* USER CODE END PendSV_IRQn 0 */
 174:Src/stm32f4xx_it.c ****   /* USER CODE BEGIN PendSV_IRQn 1 */
 175:Src/stm32f4xx_it.c **** 
 176:Src/stm32f4xx_it.c ****   /* USER CODE END PendSV_IRQn 1 */
 177:Src/stm32f4xx_it.c **** }
 178:Src/stm32f4xx_it.c **** 
 179:Src/stm32f4xx_it.c **** /**
 180:Src/stm32f4xx_it.c ****   * @brief This function handles System tick timer.
 181:Src/stm32f4xx_it.c ****   */
 182:Src/stm32f4xx_it.c **** void SysTick_Handler(void)
 183:Src/stm32f4xx_it.c **** {
 176              		.loc 1 183 0
ARM GAS  /tmp/ccZy5ayc.s 			page 7


 177              		.cfi_startproc
 178              		@ args = 0, pretend = 0, frame = 0
 179              		@ frame_needed = 0, uses_anonymous_args = 0
 180              		.loc 1 183 0
 181 0000 08B5     		push	{r3, lr}
 182              	.LCFI0:
 183              		.cfi_def_cfa_offset 8
 184              		.cfi_offset 3, -8
 185              		.cfi_offset 14, -4
 184:Src/stm32f4xx_it.c ****   /* USER CODE BEGIN SysTick_IRQn 0 */
 185:Src/stm32f4xx_it.c **** 
 186:Src/stm32f4xx_it.c ****   /* USER CODE END SysTick_IRQn 0 */
 187:Src/stm32f4xx_it.c ****   HAL_IncTick();
 186              		.loc 1 187 0
 187 0002 FFF7FEFF 		bl	HAL_IncTick
 188              	.LVL0:
 189 0006 08BD     		pop	{r3, pc}
 190              		.cfi_endproc
 191              	.LFE138:
 193              		.text
 194              	.Letext0:
 195              		.file 2 "/usr/include/newlib/machine/_default_types.h"
 196              		.file 3 "/usr/include/newlib/sys/_stdint.h"
 197              		.file 4 "Drivers/CMSIS/Include/core_cm4.h"
 198              		.file 5 "Drivers/STM32F4xx_HAL_Driver/Inc/stm32f4xx_hal.h"
ARM GAS  /tmp/ccZy5ayc.s 			page 8


DEFINED SYMBOLS
                            *ABS*:0000000000000000 stm32f4xx_it.c
     /tmp/ccZy5ayc.s:20     .text.NMI_Handler:0000000000000000 $t
     /tmp/ccZy5ayc.s:25     .text.NMI_Handler:0000000000000000 NMI_Handler
     /tmp/ccZy5ayc.s:38     .text.HardFault_Handler:0000000000000000 $t
     /tmp/ccZy5ayc.s:43     .text.HardFault_Handler:0000000000000000 HardFault_Handler
     /tmp/ccZy5ayc.s:58     .text.MemManage_Handler:0000000000000000 $t
     /tmp/ccZy5ayc.s:63     .text.MemManage_Handler:0000000000000000 MemManage_Handler
     /tmp/ccZy5ayc.s:78     .text.BusFault_Handler:0000000000000000 $t
     /tmp/ccZy5ayc.s:83     .text.BusFault_Handler:0000000000000000 BusFault_Handler
     /tmp/ccZy5ayc.s:98     .text.UsageFault_Handler:0000000000000000 $t
     /tmp/ccZy5ayc.s:103    .text.UsageFault_Handler:0000000000000000 UsageFault_Handler
     /tmp/ccZy5ayc.s:118    .text.SVC_Handler:0000000000000000 $t
     /tmp/ccZy5ayc.s:123    .text.SVC_Handler:0000000000000000 SVC_Handler
     /tmp/ccZy5ayc.s:135    .text.DebugMon_Handler:0000000000000000 $t
     /tmp/ccZy5ayc.s:140    .text.DebugMon_Handler:0000000000000000 DebugMon_Handler
     /tmp/ccZy5ayc.s:152    .text.PendSV_Handler:0000000000000000 $t
     /tmp/ccZy5ayc.s:157    .text.PendSV_Handler:0000000000000000 PendSV_Handler
     /tmp/ccZy5ayc.s:169    .text.SysTick_Handler:0000000000000000 $t
     /tmp/ccZy5ayc.s:174    .text.SysTick_Handler:0000000000000000 SysTick_Handler
                     .debug_frame:0000000000000010 $d

UNDEFINED SYMBOLS
HAL_IncTick
