ARM GAS  /tmp/ccoEeVjy.s 			page 1


   1              		.syntax unified
   2              		.cpu cortex-m4
   3              		.eabi_attribute 27, 1
   4              		.fpu fpv4-sp-d16
   5              		.eabi_attribute 20, 1
   6              		.eabi_attribute 21, 1
   7              		.eabi_attribute 23, 3
   8              		.eabi_attribute 24, 1
   9              		.eabi_attribute 25, 1
  10              		.eabi_attribute 26, 1
  11              		.eabi_attribute 30, 1
  12              		.eabi_attribute 34, 1
  13              		.eabi_attribute 18, 4
  14              		.thumb
  15              		.file	"usart.c"
  16              		.text
  17              	.Ltext0:
  18              		.cfi_sections	.debug_frame
  19              		.section	.text.MX_USART2_UART_Init,"ax",%progbits
  20              		.align	2
  21              		.global	MX_USART2_UART_Init
  22              		.thumb
  23              		.thumb_func
  25              	MX_USART2_UART_Init:
  26              	.LFB130:
  27              		.file 1 "Src/usart.c"
   1:Src/usart.c   **** /**
   2:Src/usart.c   ****   ******************************************************************************
   3:Src/usart.c   ****   * File Name          : USART.c
   4:Src/usart.c   ****   * Description        : This file provides code for the configuration
   5:Src/usart.c   ****   *                      of the USART instances.
   6:Src/usart.c   ****   ******************************************************************************
   7:Src/usart.c   ****   * @attention
   8:Src/usart.c   ****   *
   9:Src/usart.c   ****   * <h2><center>&copy; Copyright (c) 2019 STMicroelectronics.
  10:Src/usart.c   ****   * All rights reserved.</center></h2>
  11:Src/usart.c   ****   *
  12:Src/usart.c   ****   * This software component is licensed by ST under BSD 3-Clause license,
  13:Src/usart.c   ****   * the "License"; You may not use this file except in compliance with the
  14:Src/usart.c   ****   * License. You may obtain a copy of the License at:
  15:Src/usart.c   ****   *                        opensource.org/licenses/BSD-3-Clause
  16:Src/usart.c   ****   *
  17:Src/usart.c   ****   ******************************************************************************
  18:Src/usart.c   ****   */
  19:Src/usart.c   **** 
  20:Src/usart.c   **** /* Includes ------------------------------------------------------------------*/
  21:Src/usart.c   **** #include "usart.h"
  22:Src/usart.c   **** 
  23:Src/usart.c   **** /* USER CODE BEGIN 0 */
  24:Src/usart.c   **** 
  25:Src/usart.c   **** /* USER CODE END 0 */
  26:Src/usart.c   **** 
  27:Src/usart.c   **** UART_HandleTypeDef huart2;
  28:Src/usart.c   **** 
  29:Src/usart.c   **** /* USART2 init function */
  30:Src/usart.c   **** 
  31:Src/usart.c   **** void MX_USART2_UART_Init(void)
ARM GAS  /tmp/ccoEeVjy.s 			page 2


  32:Src/usart.c   **** {
  28              		.loc 1 32 0
  29              		.cfi_startproc
  30              		@ args = 0, pretend = 0, frame = 0
  31              		@ frame_needed = 0, uses_anonymous_args = 0
  32 0000 08B5     		push	{r3, lr}
  33              	.LCFI0:
  34              		.cfi_def_cfa_offset 8
  35              		.cfi_offset 3, -8
  36              		.cfi_offset 14, -4
  33:Src/usart.c   **** 
  34:Src/usart.c   ****   huart2.Instance = USART2;
  37              		.loc 1 34 0
  38 0002 0A48     		ldr	r0, .L4
  39 0004 0A4B     		ldr	r3, .L4+4
  40 0006 0360     		str	r3, [r0]
  35:Src/usart.c   ****   huart2.Init.BaudRate = 115200;
  41              		.loc 1 35 0
  42 0008 4FF4E133 		mov	r3, #115200
  43 000c 4360     		str	r3, [r0, #4]
  36:Src/usart.c   ****   huart2.Init.WordLength = UART_WORDLENGTH_8B;
  44              		.loc 1 36 0
  45 000e 0023     		movs	r3, #0
  46 0010 8360     		str	r3, [r0, #8]
  37:Src/usart.c   ****   huart2.Init.StopBits = UART_STOPBITS_1;
  47              		.loc 1 37 0
  48 0012 C360     		str	r3, [r0, #12]
  38:Src/usart.c   ****   huart2.Init.Parity = UART_PARITY_NONE;
  49              		.loc 1 38 0
  50 0014 0361     		str	r3, [r0, #16]
  39:Src/usart.c   ****   huart2.Init.Mode = UART_MODE_TX_RX;
  51              		.loc 1 39 0
  52 0016 0C22     		movs	r2, #12
  53 0018 4261     		str	r2, [r0, #20]
  40:Src/usart.c   ****   huart2.Init.HwFlowCtl = UART_HWCONTROL_NONE;
  54              		.loc 1 40 0
  55 001a 8361     		str	r3, [r0, #24]
  41:Src/usart.c   ****   huart2.Init.OverSampling = UART_OVERSAMPLING_16;
  56              		.loc 1 41 0
  57 001c C361     		str	r3, [r0, #28]
  42:Src/usart.c   ****   if (HAL_UART_Init(&huart2) != HAL_OK)
  58              		.loc 1 42 0
  59 001e FFF7FEFF 		bl	HAL_UART_Init
  60              	.LVL0:
  61 0022 08B1     		cbz	r0, .L1
  43:Src/usart.c   ****   {
  44:Src/usart.c   ****     Error_Handler();
  62              		.loc 1 44 0
  63 0024 FFF7FEFF 		bl	Error_Handler
  64              	.LVL1:
  65              	.L1:
  66 0028 08BD     		pop	{r3, pc}
  67              	.L5:
  68 002a 00BF     		.align	2
  69              	.L4:
  70 002c 00000000 		.word	huart2
  71 0030 00440040 		.word	1073759232
ARM GAS  /tmp/ccoEeVjy.s 			page 3


  72              		.cfi_endproc
  73              	.LFE130:
  75              		.section	.text.HAL_UART_MspInit,"ax",%progbits
  76              		.align	2
  77              		.global	HAL_UART_MspInit
  78              		.thumb
  79              		.thumb_func
  81              	HAL_UART_MspInit:
  82              	.LFB131:
  45:Src/usart.c   ****   }
  46:Src/usart.c   **** 
  47:Src/usart.c   **** }
  48:Src/usart.c   **** 
  49:Src/usart.c   **** void HAL_UART_MspInit(UART_HandleTypeDef* uartHandle)
  50:Src/usart.c   **** {
  83              		.loc 1 50 0
  84              		.cfi_startproc
  85              		@ args = 0, pretend = 0, frame = 32
  86              		@ frame_needed = 0, uses_anonymous_args = 0
  87              	.LVL2:
  88 0000 00B5     		push	{lr}
  89              	.LCFI1:
  90              		.cfi_def_cfa_offset 4
  91              		.cfi_offset 14, -4
  92 0002 89B0     		sub	sp, sp, #36
  93              	.LCFI2:
  94              		.cfi_def_cfa_offset 40
  51:Src/usart.c   **** 
  52:Src/usart.c   ****   GPIO_InitTypeDef GPIO_InitStruct = {0};
  95              		.loc 1 52 0
  96 0004 0023     		movs	r3, #0
  97 0006 0393     		str	r3, [sp, #12]
  98 0008 0493     		str	r3, [sp, #16]
  99 000a 0593     		str	r3, [sp, #20]
 100 000c 0693     		str	r3, [sp, #24]
 101 000e 0793     		str	r3, [sp, #28]
  53:Src/usart.c   ****   if(uartHandle->Instance==USART2)
 102              		.loc 1 53 0
 103 0010 0268     		ldr	r2, [r0]
 104 0012 154B     		ldr	r3, .L9
 105 0014 9A42     		cmp	r2, r3
 106 0016 24D1     		bne	.L6
 107              	.LBB2:
  54:Src/usart.c   ****   {
  55:Src/usart.c   ****   /* USER CODE BEGIN USART2_MspInit 0 */
  56:Src/usart.c   **** 
  57:Src/usart.c   ****   /* USER CODE END USART2_MspInit 0 */
  58:Src/usart.c   ****     /* USART2 clock enable */
  59:Src/usart.c   ****     __HAL_RCC_USART2_CLK_ENABLE();
 108              		.loc 1 59 0
 109 0018 0021     		movs	r1, #0
 110 001a 0191     		str	r1, [sp, #4]
 111 001c 03F5FA33 		add	r3, r3, #128000
 112 0020 1A6C     		ldr	r2, [r3, #64]
 113 0022 42F40032 		orr	r2, r2, #131072
 114 0026 1A64     		str	r2, [r3, #64]
 115 0028 1A6C     		ldr	r2, [r3, #64]
ARM GAS  /tmp/ccoEeVjy.s 			page 4


 116 002a 02F40032 		and	r2, r2, #131072
 117 002e 0192     		str	r2, [sp, #4]
 118 0030 019A     		ldr	r2, [sp, #4]
 119              	.LBE2:
 120              	.LBB3:
  60:Src/usart.c   ****   
  61:Src/usart.c   ****     __HAL_RCC_GPIOA_CLK_ENABLE();
 121              		.loc 1 61 0
 122 0032 0291     		str	r1, [sp, #8]
 123 0034 1A6B     		ldr	r2, [r3, #48]
 124 0036 42F00102 		orr	r2, r2, #1
 125 003a 1A63     		str	r2, [r3, #48]
 126 003c 1B6B     		ldr	r3, [r3, #48]
 127 003e 03F00103 		and	r3, r3, #1
 128 0042 0293     		str	r3, [sp, #8]
 129 0044 029B     		ldr	r3, [sp, #8]
 130              	.LBE3:
  62:Src/usart.c   ****     /**USART2 GPIO Configuration    
  63:Src/usart.c   ****     PA2     ------> USART2_TX
  64:Src/usart.c   ****     PA3     ------> USART2_RX 
  65:Src/usart.c   ****     */
  66:Src/usart.c   ****     GPIO_InitStruct.Pin = USART_TX_Pin|USART_RX_Pin;
 131              		.loc 1 66 0
 132 0046 0C23     		movs	r3, #12
 133 0048 0393     		str	r3, [sp, #12]
  67:Src/usart.c   ****     GPIO_InitStruct.Mode = GPIO_MODE_AF_PP;
 134              		.loc 1 67 0
 135 004a 0223     		movs	r3, #2
 136 004c 0493     		str	r3, [sp, #16]
  68:Src/usart.c   ****     GPIO_InitStruct.Pull = GPIO_PULLUP;
 137              		.loc 1 68 0
 138 004e 0123     		movs	r3, #1
 139 0050 0593     		str	r3, [sp, #20]
  69:Src/usart.c   ****     GPIO_InitStruct.Speed = GPIO_SPEED_FREQ_VERY_HIGH;
 140              		.loc 1 69 0
 141 0052 0323     		movs	r3, #3
 142 0054 0693     		str	r3, [sp, #24]
  70:Src/usart.c   ****     GPIO_InitStruct.Alternate = GPIO_AF7_USART2;
 143              		.loc 1 70 0
 144 0056 0723     		movs	r3, #7
 145 0058 0793     		str	r3, [sp, #28]
  71:Src/usart.c   ****     HAL_GPIO_Init(GPIOA, &GPIO_InitStruct);
 146              		.loc 1 71 0
 147 005a 0448     		ldr	r0, .L9+4
 148              	.LVL3:
 149 005c 03A9     		add	r1, sp, #12
 150 005e FFF7FEFF 		bl	HAL_GPIO_Init
 151              	.LVL4:
 152              	.L6:
  72:Src/usart.c   **** 
  73:Src/usart.c   ****   /* USER CODE BEGIN USART2_MspInit 1 */
  74:Src/usart.c   **** 
  75:Src/usart.c   ****   /* USER CODE END USART2_MspInit 1 */
  76:Src/usart.c   ****   }
  77:Src/usart.c   **** }
 153              		.loc 1 77 0
 154 0062 09B0     		add	sp, sp, #36
ARM GAS  /tmp/ccoEeVjy.s 			page 5


 155              	.LCFI3:
 156              		.cfi_def_cfa_offset 4
 157              		@ sp needed
 158 0064 5DF804FB 		ldr	pc, [sp], #4
 159              	.L10:
 160              		.align	2
 161              	.L9:
 162 0068 00440040 		.word	1073759232
 163 006c 00000240 		.word	1073872896
 164              		.cfi_endproc
 165              	.LFE131:
 167              		.section	.text.HAL_UART_MspDeInit,"ax",%progbits
 168              		.align	2
 169              		.global	HAL_UART_MspDeInit
 170              		.thumb
 171              		.thumb_func
 173              	HAL_UART_MspDeInit:
 174              	.LFB132:
  78:Src/usart.c   **** 
  79:Src/usart.c   **** void HAL_UART_MspDeInit(UART_HandleTypeDef* uartHandle)
  80:Src/usart.c   **** {
 175              		.loc 1 80 0
 176              		.cfi_startproc
 177              		@ args = 0, pretend = 0, frame = 0
 178              		@ frame_needed = 0, uses_anonymous_args = 0
 179              	.LVL5:
 180 0000 08B5     		push	{r3, lr}
 181              	.LCFI4:
 182              		.cfi_def_cfa_offset 8
 183              		.cfi_offset 3, -8
 184              		.cfi_offset 14, -4
  81:Src/usart.c   **** 
  82:Src/usart.c   ****   if(uartHandle->Instance==USART2)
 185              		.loc 1 82 0
 186 0002 0268     		ldr	r2, [r0]
 187 0004 064B     		ldr	r3, .L14
 188 0006 9A42     		cmp	r2, r3
 189 0008 08D1     		bne	.L11
  83:Src/usart.c   ****   {
  84:Src/usart.c   ****   /* USER CODE BEGIN USART2_MspDeInit 0 */
  85:Src/usart.c   **** 
  86:Src/usart.c   ****   /* USER CODE END USART2_MspDeInit 0 */
  87:Src/usart.c   ****     /* Peripheral clock disable */
  88:Src/usart.c   ****     __HAL_RCC_USART2_CLK_DISABLE();
 190              		.loc 1 88 0
 191 000a 064A     		ldr	r2, .L14+4
 192 000c 136C     		ldr	r3, [r2, #64]
 193 000e 23F40033 		bic	r3, r3, #131072
 194 0012 1364     		str	r3, [r2, #64]
  89:Src/usart.c   ****   
  90:Src/usart.c   ****     /**USART2 GPIO Configuration    
  91:Src/usart.c   ****     PA2     ------> USART2_TX
  92:Src/usart.c   ****     PA3     ------> USART2_RX 
  93:Src/usart.c   ****     */
  94:Src/usart.c   ****     HAL_GPIO_DeInit(GPIOA, USART_TX_Pin|USART_RX_Pin);
 195              		.loc 1 94 0
 196 0014 0448     		ldr	r0, .L14+8
ARM GAS  /tmp/ccoEeVjy.s 			page 6


 197              	.LVL6:
 198 0016 0C21     		movs	r1, #12
 199 0018 FFF7FEFF 		bl	HAL_GPIO_DeInit
 200              	.LVL7:
 201              	.L11:
 202 001c 08BD     		pop	{r3, pc}
 203              	.L15:
 204 001e 00BF     		.align	2
 205              	.L14:
 206 0020 00440040 		.word	1073759232
 207 0024 00380240 		.word	1073887232
 208 0028 00000240 		.word	1073872896
 209              		.cfi_endproc
 210              	.LFE132:
 212              		.comm	huart2,64,4
 213              		.text
 214              	.Letext0:
 215              		.file 2 "/usr/include/newlib/machine/_default_types.h"
 216              		.file 3 "/usr/include/newlib/sys/_stdint.h"
 217              		.file 4 "Drivers/CMSIS/Device/ST/STM32F4xx/Include/stm32f446xx.h"
 218              		.file 5 "Drivers/STM32F4xx_HAL_Driver/Inc/stm32f4xx_hal_def.h"
 219              		.file 6 "Drivers/STM32F4xx_HAL_Driver/Inc/stm32f4xx_hal_gpio.h"
 220              		.file 7 "Drivers/STM32F4xx_HAL_Driver/Inc/stm32f4xx_hal_dma.h"
 221              		.file 8 "Drivers/STM32F4xx_HAL_Driver/Inc/stm32f4xx_hal_uart.h"
 222              		.file 9 "Drivers/CMSIS/Include/core_cm4.h"
 223              		.file 10 "Inc/main.h"
ARM GAS  /tmp/ccoEeVjy.s 			page 7


DEFINED SYMBOLS
                            *ABS*:00000000 usart.c
     /tmp/ccoEeVjy.s:20     .text.MX_USART2_UART_Init:00000000 $t
     /tmp/ccoEeVjy.s:25     .text.MX_USART2_UART_Init:00000000 MX_USART2_UART_Init
     /tmp/ccoEeVjy.s:70     .text.MX_USART2_UART_Init:0000002c $d
                            *COM*:00000040 huart2
     /tmp/ccoEeVjy.s:76     .text.HAL_UART_MspInit:00000000 $t
     /tmp/ccoEeVjy.s:81     .text.HAL_UART_MspInit:00000000 HAL_UART_MspInit
     /tmp/ccoEeVjy.s:162    .text.HAL_UART_MspInit:00000068 $d
     /tmp/ccoEeVjy.s:168    .text.HAL_UART_MspDeInit:00000000 $t
     /tmp/ccoEeVjy.s:173    .text.HAL_UART_MspDeInit:00000000 HAL_UART_MspDeInit
     /tmp/ccoEeVjy.s:206    .text.HAL_UART_MspDeInit:00000020 $d
                     .debug_frame:00000010 $d
                           .group:00000000 wm4.0.09ce1de113943ff5cb4811f1ea7055c3
                           .group:00000000 wm4.stm32f4xx_hal_conf.h.24.d14dd899dbfa16d6dc9a7b8d5f0b81d2
                           .group:00000000 wm4.stm32f4xx.h.55.8c995fbadbb7a126747b547eb8ec7b5b
                           .group:00000000 wm4.stm32f446xx.h.51.16a9122ede9860ebbb552c9e423d1ecd
                           .group:00000000 wm4.features.h.22.2e382148a0560adabf236cddd4e880f4
                           .group:00000000 wm4._default_types.h.15.933e8edd27a65e0b69af4a865eb623d2
                           .group:00000000 wm4._intsup.h.10.35a45952db64d30146faa63a55c20c1c
                           .group:00000000 wm4._stdint.h.10.f76354baea1c7088202064e6f3d4f5e3
                           .group:00000000 wm4.stdint.h.23.373a9d32a9e4c2e88fd347156532d281
                           .group:00000000 wm4.cmsis_version.h.32.4d5822004c01a829a975260e854b5f8e
                           .group:00000000 wm4.core_cm4.h.66.e4ff136c4a17abc46741866f64f8e729
                           .group:00000000 wm4.cmsis_gcc.h.26.f42444deefab66ffa141b9b9fddb57a3
                           .group:00000000 wm4.core_cm4.h.174.059a5e001a9e729091d1407208e93224
                           .group:00000000 wm4.mpu_armv7.h.32.27b4593cb2f8d3152ca5d97a9d72b321
                           .group:00000000 wm4.stm32f446xx.h.934.bc7ea77f64b5be5f795628ebc7fc6b73
                           .group:00000000 wm4.stm32f4xx.h.212.729f0f890654645a3f47ccc0cc2b00e7
                           .group:00000000 wm4.stm32_hal_legacy.h.23.ef4988de22c7a2f0806a94b08b5606e0
                           .group:00000000 wm4.stddef.h.39.c744ceb84abf2f8351653f0e2622da1c
                           .group:00000000 wm4.stm32f4xx_hal_def.h.58.2d2c85d5b9693a63e90566b806e8a752
                           .group:00000000 wm4.stm32f4xx_hal_rcc_ex.h.22.ed8712e28628f6d35bd6f8847ee2f18f
                           .group:00000000 wm4.stm32f4xx_hal_rcc.h.108.0c18a3cfc2dd91bdf92470b4bd0ea1b5
                           .group:00000000 wm4.stm32f4xx_hal_exti.h.22.66e33df8a935c9f8e1682d5515a6c09a
                           .group:00000000 wm4.stm32f4xx_hal_gpio.h.22.be2c6bcf9722096ea8f49a41bf6aa50c
                           .group:00000000 wm4.stm32f4xx_hal_gpio_ex.h.22.6858f59ca8a52c645189c74569e4d5b8
                           .group:00000000 wm4.stm32f4xx_hal_gpio.h.264.528537eb92c2ec5c1cd9dfb4d255d1da
                           .group:00000000 wm4.stm32f4xx_hal_dma.h.22.fffce20ac9119c50557659c75e75ab1c
                           .group:00000000 wm4.stm32f4xx_hal_dma.h.721.a1e57ffbc615f926e6509c5acc65e492
                           .group:00000000 wm4.stm32f4xx_hal_cortex.h.22.e6aa3b847b5388be63c32d1f9e696ef7
                           .group:00000000 wm4.stm32f4xx_hal_flash.h.22.31b301be2655c3eb8583e51c8231544a
                           .group:00000000 wm4.stm32f4xx_hal_flash_ex.h.22.df74a74dd40656a7fcd7d90cedd190b4
                           .group:00000000 wm4.stm32f4xx_hal_flash.h.363.51efdf0f6c88f683efb89d7cc95cc1be
                           .group:00000000 wm4.stm32f4xx_hal_pwr.h.22.2c27d93ae187efe3a73816f03a329970
                           .group:00000000 wm4.stm32f4xx_hal_pwr_ex.h.22.cf49f655fb514fa1eda6a251fa1b2f1a
                           .group:00000000 wm4.stm32f4xx_hal_pwr.h.337.60b43975c84527a23cb6994b23165a5e
                           .group:00000000 wm4.stm32f4xx_hal_uart.h.22.2b47c8130d845b927904837c0b2264ce
                           .group:00000000 wm4.stm32f4xx_hal.h.72.a5a58188aa461a0614f1e58e159c7840
                           .group:00000000 wm4.main.h.61.f713c471afe2510354bc6b2444b9b417

UNDEFINED SYMBOLS
HAL_UART_Init
Error_Handler
HAL_GPIO_Init
HAL_GPIO_DeInit
